18:33:59 **** Incremental Build of configuration Debug for project Midterm_Project ****
Info: Internal Builder is used for build
g++ -O0 -g3 -Wall -c -fmessage-length=0 -o "src\\Replace.o" "..\\src\\Replace.cpp" 
..\src\Replace.cpp: In function 'int searchForPhrase(char*, char*, int)':
..\src\Replace.cpp:7:28: warning: comparison between signed and unsigned integer expressions [-Wsign-compare]
  for(int i = pos, j = 0; i < strlen(keyphrase) + pos; i++, j++)
                          ~~^~~~~~~~~~~~~~~~~~~~~~~~~
..\src\Replace.cpp:10:60: warning: comparison between signed and unsigned integer expressions [-Wsign-compare]
  while(strncmp(toCmp, keyphrase, strlen(keyphrase)) && pos <= strlen(input)) {
                                                        ~~~~^~~~~~~~~~~~~~~~
..\src\Replace.cpp:14:20: warning: comparison between signed and unsigned integer expressions [-Wsign-compare]
   for(int i = 0; i < strlen(keyphrase); i++) {
                  ~~^~~~~~~~~~~~~~~~~~~
..\src\Replace.cpp: In function 'void replaceWord(char**, char*, char*)':
..\src\Replace.cpp:53:12: warning: comparison between signed and unsigned integer expressions [-Wsign-compare]
  while(pos < strlen(output) - strlen(keyphrase)) {
        ~~~~^~~~~~~~~~~~~~~~~~~~~~~~~~~~~~~~~~~~
..\src\Replace.cpp:73:23: warning: comparison between signed and unsigned integer expressions [-Wsign-compare]
    for(int l = pos; l < strlen(output); l++)
                     ~~^~~~~~~~~~~~~~~~
..\src\Replace.cpp:80:23: warning: comparison between signed and unsigned integer expressions [-Wsign-compare]
    for(int l = pos; l < strlen(output); l++)
                     ~~^~~~~~~~~~~~~~~~
..\src\Replace.cpp:87:23: warning: comparison between signed and unsigned integer expressions [-Wsign-compare]
    for(int m = pos; m < pos + strlen(newChar); m++)
                     ~~^~~~~~~~~~~~~~~~~~~~~~~
..\src\Replace.cpp:98:21: warning: comparison between signed and unsigned integer expressions [-Wsign-compare]
    for(int i = 0; i < strlen(output); i++)
                   ~~^~~~~~~~~~~~~~~~
..\src\Replace.cpp:101:19: warning: comparison between signed and unsigned integer expressions [-Wsign-compare]
    while(progress != strlen(output)) {
          ~~~~~~~~~^~~~~~~~~~~~~~~~~
g++ -o Midterm_Project.exe "src\\Array_Resize.o" "src\\Capitalize.o" "src\\Clipboard_Output.o" "src\\Main.o" "src\\Replace.o" "src\\Search.o" "src\\Word_Count.o" 

18:34:01 Build Finished. 0 errors, 9 warnings. (took 1s.550ms)

